<?xml version="1.0" encoding="UTF-8"?>
<!-- Generated by org.testng.reporters.JUnitXMLReporter -->
<testsuite hostname="IBM917-R90GJZM0" ignored="0" name="Default test" tests="6" failures="0" timestamp="10 Jul 2018 19:48:14 GMT" time="137.341" errors="0">
  <testcase name="Searchlocation" time="4.307" classname="trivago.testcases.Testcases"/>
  <testcase name="Contacttrivago" time="23.486" classname="trivago.testcases.Testcases"/>
  <testcase name="SubscribeNewsletter" time="5.694" classname="trivago.testcases.Testcases"/>
  <testcase name="NavigateDestination" time="17.709" classname="trivago.testcases.Testcases"/>
  <testcase name="ChangeCountry" time="21.199" classname="trivago.testcases.Testcases"/>
  <testcase name="SelectCouples" time="19.994" classname="trivago.testcases.Testcases"/>
</testsuite> <!-- Default test -->
